[ 2017-03-28T10:26:32+08:00 ] ::1 /project/Study%20master/git/ffck/master1/
INFO: [ app_begin ] --START--
INFO: Run Behavior\ReadHtmlCache [ RunTime:0.000000s ]
INFO: [ app_begin ] --END-- [ RunTime:0.000976s ]
INFO: [ view_parse ] --START--
INFO: [ template_filter ] --START--
INFO: Run Behavior\ContentReplace [ RunTime:0.000000s ]
INFO: [ template_filter ] --END-- [ RunTime:0.000000s ]
INFO: Run Behavior\ParseTemplate [ RunTime:0.044922s ]
INFO: [ view_parse ] --END-- [ RunTime:0.044922s ]
INFO: [ view_filter ] --START--
INFO: Run Behavior\WriteHtmlCache [ RunTime:0.000000s ]
INFO: [ view_filter ] --END-- [ RunTime:0.000000s ]
INFO: [ app_end ] --START--
INFO: Run Behavior\ShowPageTrace [ RunTime:0.000976s ]
INFO: [ app_end ] --END-- [ RunTime:0.000976s ]

[ 2017-03-28T10:26:43+08:00 ] ::1 /project/Study%20master/git/ffck/master1/index.php/Home/home/madeList.html
INFO: [ app_begin ] --START--
INFO: Run Behavior\ReadHtmlCache [ RunTime:0.000000s ]
INFO: [ app_begin ] --END-- [ RunTime:0.000976s ]
INFO: [ view_parse ] --START--
INFO: [ template_filter ] --START--
INFO: Run Behavior\ContentReplace [ RunTime:0.000000s ]
INFO: [ template_filter ] --END-- [ RunTime:0.000000s ]
INFO: Run Behavior\ParseTemplate [ RunTime:0.018555s ]
INFO: [ view_parse ] --END-- [ RunTime:0.018555s ]
INFO: [ view_filter ] --START--
INFO: Run Behavior\WriteHtmlCache [ RunTime:0.000000s ]
INFO: [ view_filter ] --END-- [ RunTime:0.000000s ]
INFO: [ app_end ] --START--
INFO: Run Behavior\ShowPageTrace [ RunTime:0.000000s ]
INFO: [ app_end ] --END-- [ RunTime:0.000000s ]

[ 2017-03-28T10:26:53+08:00 ] ::1 /project/Study%20master/git/ffck/master1/index.php/Home/Home/madeAdd.html
INFO: [ app_begin ] --START--
INFO: Run Behavior\ReadHtmlCache [ RunTime:0.000000s ]
INFO: [ app_begin ] --END-- [ RunTime:0.000977s ]
INFO: [ view_parse ] --START--
INFO: [ template_filter ] --START--
INFO: Run Behavior\ContentReplace [ RunTime:0.000976s ]
INFO: [ template_filter ] --END-- [ RunTime:0.000976s ]
INFO: Run Behavior\ParseTemplate [ RunTime:0.016602s ]
INFO: [ view_parse ] --END-- [ RunTime:0.016602s ]
INFO: [ view_filter ] --START--
INFO: Run Behavior\WriteHtmlCache [ RunTime:0.000000s ]
INFO: [ view_filter ] --END-- [ RunTime:0.000000s ]
INFO: [ app_end ] --START--
INFO: Run Behavior\ShowPageTrace [ RunTime:0.000000s ]
INFO: [ app_end ] --END-- [ RunTime:0.000000s ]

[ 2017-03-28T10:38:39+08:00 ] ::1 /project/Study%20master/git/ffck/master1/index.php/Home/Home/madeAdd.html
INFO: [ app_begin ] --START--
INFO: Run Behavior\ReadHtmlCache [ RunTime:0.000977s ]
INFO: [ app_begin ] --END-- [ RunTime:0.000977s ]
INFO: [ view_parse ] --START--
INFO: [ template_filter ] --START--
INFO: Run Behavior\ContentReplace [ RunTime:0.000000s ]
INFO: [ template_filter ] --END-- [ RunTime:0.000000s ]
INFO: Run Behavior\ParseTemplate [ RunTime:0.027343s ]
INFO: [ view_parse ] --END-- [ RunTime:0.028320s ]
INFO: [ view_filter ] --START--
INFO: Run Behavior\WriteHtmlCache [ RunTime:0.000000s ]
INFO: [ view_filter ] --END-- [ RunTime:0.000000s ]
INFO: [ app_end ] --START--
INFO: Run Behavior\ShowPageTrace [ RunTime:0.000977s ]
INFO: [ app_end ] --END-- [ RunTime:0.000977s ]

[ 2017-03-28T10:39:42+08:00 ] ::1 /project/Study%20master/git/ffck/master1/index.php/Home/Home/madeAdd.html
INFO: [ app_begin ] --START--
INFO: Run Behavior\ReadHtmlCache [ RunTime:0.000976s ]
INFO: [ app_begin ] --END-- [ RunTime:0.000976s ]
INFO: [ view_parse ] --START--
INFO: [ template_filter ] --START--
INFO: Run Behavior\ContentReplace [ RunTime:0.000000s ]
INFO: [ template_filter ] --END-- [ RunTime:0.000000s ]
INFO: Run Behavior\ParseTemplate [ RunTime:0.017578s ]
INFO: [ view_parse ] --END-- [ RunTime:0.017578s ]
INFO: [ view_filter ] --START--
INFO: Run Behavior\WriteHtmlCache [ RunTime:0.000000s ]
INFO: [ view_filter ] --END-- [ RunTime:0.000000s ]
INFO: [ app_end ] --START--
INFO: Run Behavior\ShowPageTrace [ RunTime:0.000000s ]
INFO: [ app_end ] --END-- [ RunTime:0.000000s ]

[ 2017-03-28T10:40:33+08:00 ] ::1 /project/Study%20master/git/ffck/master1/index.php/Home/Home/madeAdd.html
INFO: [ app_begin ] --START--
INFO: Run Behavior\ReadHtmlCache [ RunTime:0.000976s ]
INFO: [ app_begin ] --END-- [ RunTime:0.001953s ]
INFO: [ view_parse ] --START--
INFO: [ template_filter ] --START--
INFO: Run Behavior\ContentReplace [ RunTime:0.000977s ]
INFO: [ template_filter ] --END-- [ RunTime:0.000977s ]
INFO: Run Behavior\ParseTemplate [ RunTime:0.016601s ]
INFO: [ view_parse ] --END-- [ RunTime:0.016601s ]
INFO: [ view_filter ] --START--
INFO: Run Behavior\WriteHtmlCache [ RunTime:0.000977s ]
INFO: [ view_filter ] --END-- [ RunTime:0.000977s ]
INFO: [ app_end ] --START--
INFO: Run Behavior\ShowPageTrace [ RunTime:0.000000s ]
INFO: [ app_end ] --END-- [ RunTime:0.000000s ]

[ 2017-03-28T10:41:35+08:00 ] ::1 /project/Study%20master/git/ffck/master1/index.php/Home/Home/madeAdd.html
INFO: [ app_begin ] --START--
INFO: Run Behavior\ReadHtmlCache [ RunTime:0.000000s ]
INFO: [ app_begin ] --END-- [ RunTime:0.000977s ]
INFO: [ view_parse ] --START--
INFO: [ template_filter ] --START--
INFO: Run Behavior\ContentReplace [ RunTime:0.000000s ]
INFO: [ template_filter ] --END-- [ RunTime:0.000000s ]
INFO: Run Behavior\ParseTemplate [ RunTime:0.019531s ]
INFO: [ view_parse ] --END-- [ RunTime:0.019531s ]
INFO: [ view_filter ] --START--
INFO: Run Behavior\WriteHtmlCache [ RunTime:0.000000s ]
INFO: [ view_filter ] --END-- [ RunTime:0.000000s ]
INFO: [ app_end ] --START--
INFO: Run Behavior\ShowPageTrace [ RunTime:0.000000s ]
INFO: [ app_end ] --END-- [ RunTime:0.000000s ]

[ 2017-03-28T10:58:46+08:00 ] ::1 /project/Study%20master/git/ffck/master1/index.php/Home/Home/madeList.html
INFO: [ app_begin ] --START--
INFO: Run Behavior\ReadHtmlCache [ RunTime:0.000976s ]
INFO: [ app_begin ] --END-- [ RunTime:0.001953s ]
INFO: [ view_parse ] --START--
INFO: [ template_filter ] --START--
INFO: Run Behavior\ContentReplace [ RunTime:0.000000s ]
INFO: [ template_filter ] --END-- [ RunTime:0.000000s ]
INFO: Run Behavior\ParseTemplate [ RunTime:0.028321s ]
INFO: [ view_parse ] --END-- [ RunTime:0.028321s ]
INFO: [ view_filter ] --START--
INFO: Run Behavior\WriteHtmlCache [ RunTime:0.000976s ]
INFO: [ view_filter ] --END-- [ RunTime:0.000976s ]
INFO: [ app_end ] --START--
INFO: Run Behavior\ShowPageTrace [ RunTime:0.000977s ]
INFO: [ app_end ] --END-- [ RunTime:0.000977s ]

[ 2017-03-28T11:01:52+08:00 ] ::1 /project/Study%20master/git/ffck/master1/index.php/Home/Home/madeList.html
INFO: [ app_begin ] --START--
INFO: Run Behavior\ReadHtmlCache [ RunTime:0.000976s ]
INFO: [ app_begin ] --END-- [ RunTime:0.000976s ]
INFO: [ view_parse ] --START--
INFO: [ template_filter ] --START--
INFO: Run Behavior\ContentReplace [ RunTime:0.000000s ]
INFO: [ template_filter ] --END-- [ RunTime:0.000000s ]
INFO: Run Behavior\ParseTemplate [ RunTime:0.017578s ]
INFO: [ view_parse ] --END-- [ RunTime:0.017578s ]
INFO: [ view_filter ] --START--
INFO: Run Behavior\WriteHtmlCache [ RunTime:0.000000s ]
INFO: [ view_filter ] --END-- [ RunTime:0.000000s ]
INFO: [ app_end ] --START--
INFO: Run Behavior\ShowPageTrace [ RunTime:0.000000s ]
INFO: [ app_end ] --END-- [ RunTime:0.000000s ]

[ 2017-03-28T11:02:41+08:00 ] ::1 /project/Study%20master/git/ffck/master1/index.php/Home/Home/madeList.html
INFO: [ app_begin ] --START--
INFO: Run Behavior\ReadHtmlCache [ RunTime:0.000000s ]
INFO: [ app_begin ] --END-- [ RunTime:0.000976s ]
INFO: [ view_parse ] --START--
INFO: [ template_filter ] --START--
INFO: Run Behavior\ContentReplace [ RunTime:0.000000s ]
INFO: [ template_filter ] --END-- [ RunTime:0.000000s ]
INFO: Run Behavior\ParseTemplate [ RunTime:0.016601s ]
INFO: [ view_parse ] --END-- [ RunTime:0.016601s ]
INFO: [ view_filter ] --START--
INFO: Run Behavior\WriteHtmlCache [ RunTime:0.000977s ]
INFO: [ view_filter ] --END-- [ RunTime:0.000977s ]
INFO: [ app_end ] --START--
INFO: Run Behavior\ShowPageTrace [ RunTime:0.000000s ]
INFO: [ app_end ] --END-- [ RunTime:0.000976s ]

[ 2017-03-28T11:02:48+08:00 ] ::1 /project/Study%20master/git/ffck/master1/index.php/Home/home/madeInfo.html
INFO: [ app_begin ] --START--
INFO: Run Behavior\ReadHtmlCache [ RunTime:0.000977s ]
INFO: [ app_begin ] --END-- [ RunTime:0.000977s ]
INFO: [ view_parse ] --START--
INFO: [ template_filter ] --START--
INFO: Run Behavior\ContentReplace [ RunTime:0.000000s ]
INFO: [ template_filter ] --END-- [ RunTime:0.000000s ]
INFO: Run Behavior\ParseTemplate [ RunTime:0.016602s ]
INFO: [ view_parse ] --END-- [ RunTime:0.016602s ]
INFO: [ view_filter ] --START--
INFO: Run Behavior\WriteHtmlCache [ RunTime:0.000000s ]
INFO: [ view_filter ] --END-- [ RunTime:0.000976s ]
INFO: [ app_end ] --START--
INFO: Run Behavior\ShowPageTrace [ RunTime:0.000977s ]
INFO: [ app_end ] --END-- [ RunTime:0.000977s ]

[ 2017-03-28T11:04:18+08:00 ] ::1 /project/Study%20master/git/ffck/master1/index.php/Home/home/madeInfo.html
INFO: [ app_begin ] --START--
INFO: Run Behavior\ReadHtmlCache [ RunTime:0.000977s ]
INFO: [ app_begin ] --END-- [ RunTime:0.000977s ]
INFO: [ view_parse ] --START--
INFO: [ template_filter ] --START--
INFO: Run Behavior\ContentReplace [ RunTime:0.000000s ]
INFO: [ template_filter ] --END-- [ RunTime:0.000000s ]
INFO: Run Behavior\ParseTemplate [ RunTime:0.017578s ]
INFO: [ view_parse ] --END-- [ RunTime:0.017578s ]
INFO: [ view_filter ] --START--
INFO: Run Behavior\WriteHtmlCache [ RunTime:0.000000s ]
INFO: [ view_filter ] --END-- [ RunTime:0.000000s ]
INFO: [ app_end ] --START--
INFO: Run Behavior\ShowPageTrace [ RunTime:0.000977s ]
INFO: [ app_end ] --END-- [ RunTime:0.000977s ]

[ 2017-03-28T11:07:11+08:00 ] ::1 /project/Study%20master/git/ffck/master1/index.php/Home/home/madeInfo.html
INFO: [ app_begin ] --START--
INFO: Run Behavior\ReadHtmlCache [ RunTime:0.000977s ]
INFO: [ app_begin ] --END-- [ RunTime:0.000977s ]
INFO: [ view_parse ] --START--
INFO: [ template_filter ] --START--
INFO: Run Behavior\ContentReplace [ RunTime:0.000000s ]
INFO: [ template_filter ] --END-- [ RunTime:0.000000s ]
INFO: Run Behavior\ParseTemplate [ RunTime:0.029297s ]
INFO: [ view_parse ] --END-- [ RunTime:0.029297s ]
INFO: [ view_filter ] --START--
INFO: Run Behavior\WriteHtmlCache [ RunTime:0.000976s ]
INFO: [ view_filter ] --END-- [ RunTime:0.000976s ]
INFO: [ app_end ] --START--
INFO: Run Behavior\ShowPageTrace [ RunTime:0.000977s ]
INFO: [ app_end ] --END-- [ RunTime:0.000977s ]

[ 2017-03-28T11:10:31+08:00 ] ::1 /project/Study%20master/git/ffck/master1/index.php/Home/home/madeInfo.html
INFO: [ app_begin ] --START--
INFO: Run Behavior\ReadHtmlCache [ RunTime:0.000977s ]
INFO: [ app_begin ] --END-- [ RunTime:0.000977s ]
INFO: [ view_parse ] --START--
INFO: [ template_filter ] --START--
INFO: Run Behavior\ContentReplace [ RunTime:0.000000s ]
INFO: [ template_filter ] --END-- [ RunTime:0.000000s ]
NOTIC: [8] Undefined variable: res D:\phpStudy\WWW\project\Study master\git\ffck\master1\Application\Runtime\Cache\Home\53ffa27a7c32544ef56c0e315a62c758.php 第 436 行.
INFO: Run Behavior\ParseTemplate [ RunTime:0.016601s ]
INFO: [ view_parse ] --END-- [ RunTime:0.016601s ]
INFO: [ view_filter ] --START--
INFO: Run Behavior\WriteHtmlCache [ RunTime:0.000000s ]
INFO: [ view_filter ] --END-- [ RunTime:0.000000s ]
INFO: [ app_end ] --START--
INFO: Run Behavior\ShowPageTrace [ RunTime:0.000000s ]
INFO: [ app_end ] --END-- [ RunTime:0.000000s ]

[ 2017-03-28T11:15:50+08:00 ] ::1 /project/Study%20master/git/ffck/master1/index.php/Home/home/madeInfo.html
INFO: [ app_begin ] --START--
INFO: Run Behavior\ReadHtmlCache [ RunTime:0.000000s ]
INFO: [ app_begin ] --END-- [ RunTime:0.000976s ]
INFO: [ view_parse ] --START--
INFO: [ template_filter ] --START--
INFO: Run Behavior\ContentReplace [ RunTime:0.000000s ]
INFO: [ template_filter ] --END-- [ RunTime:0.000000s ]
NOTIC: [8] Undefined variable: res D:\phpStudy\WWW\project\Study master\git\ffck\master1\Application\Runtime\Cache\Home\53ffa27a7c32544ef56c0e315a62c758.php 第 435 行.
INFO: Run Behavior\ParseTemplate [ RunTime:0.027344s ]
INFO: [ view_parse ] --END-- [ RunTime:0.027344s ]
INFO: [ view_filter ] --START--
INFO: Run Behavior\WriteHtmlCache [ RunTime:0.000976s ]
INFO: [ view_filter ] --END-- [ RunTime:0.000976s ]
INFO: [ app_end ] --START--
INFO: Run Behavior\ShowPageTrace [ RunTime:0.000977s ]
INFO: [ app_end ] --END-- [ RunTime:0.000977s ]

[ 2017-03-28T11:16:46+08:00 ] ::1 /project/Study%20master/git/ffck/master1/index.php/Home/home/madeInfo.html
INFO: [ app_begin ] --START--
INFO: Run Behavior\ReadHtmlCache [ RunTime:0.000977s ]
INFO: [ app_begin ] --END-- [ RunTime:0.000977s ]
INFO: [ view_parse ] --START--
INFO: [ template_filter ] --START--
INFO: Run Behavior\ContentReplace [ RunTime:0.000000s ]
INFO: [ template_filter ] --END-- [ RunTime:0.000000s ]
NOTIC: [8] Undefined variable: res D:\phpStudy\WWW\project\Study master\git\ffck\master1\Application\Runtime\Cache\Home\53ffa27a7c32544ef56c0e315a62c758.php 第 435 行.
INFO: Run Behavior\ParseTemplate [ RunTime:0.016602s ]
INFO: [ view_parse ] --END-- [ RunTime:0.016602s ]
INFO: [ view_filter ] --START--
INFO: Run Behavior\WriteHtmlCache [ RunTime:0.000000s ]
INFO: [ view_filter ] --END-- [ RunTime:0.000000s ]
INFO: [ app_end ] --START--
INFO: Run Behavior\ShowPageTrace [ RunTime:0.000976s ]
INFO: [ app_end ] --END-- [ RunTime:0.000976s ]

[ 2017-03-28T11:18:11+08:00 ] ::1 /project/Study%20master/git/ffck/master1/index.php/Home/home/madeInfo.html
INFO: [ app_begin ] --START--
INFO: Run Behavior\ReadHtmlCache [ RunTime:0.000977s ]
INFO: [ app_begin ] --END-- [ RunTime:0.000977s ]
INFO: [ view_parse ] --START--
INFO: [ template_filter ] --START--
INFO: Run Behavior\ContentReplace [ RunTime:0.000000s ]
INFO: [ template_filter ] --END-- [ RunTime:0.000000s ]
NOTIC: [8] Undefined variable: res D:\phpStudy\WWW\project\Study master\git\ffck\master1\Application\Runtime\Cache\Home\53ffa27a7c32544ef56c0e315a62c758.php 第 432 行.
INFO: Run Behavior\ParseTemplate [ RunTime:0.017578s ]
INFO: [ view_parse ] --END-- [ RunTime:0.017578s ]
INFO: [ view_filter ] --START--
INFO: Run Behavior\WriteHtmlCache [ RunTime:0.000977s ]
INFO: [ view_filter ] --END-- [ RunTime:0.000977s ]
INFO: [ app_end ] --START--
INFO: Run Behavior\ShowPageTrace [ RunTime:0.000976s ]
INFO: [ app_end ] --END-- [ RunTime:0.000976s ]

[ 2017-03-28T11:18:15+08:00 ] ::1 /project/Study%20master/git/ffck/master1/index.php/Home/home/madeInfo.html
INFO: [ app_begin ] --START--
INFO: Run Behavior\ReadHtmlCache [ RunTime:0.000977s ]
INFO: [ app_begin ] --END-- [ RunTime:0.000977s ]
INFO: [ view_parse ] --START--
INFO: [ template_filter ] --START--
INFO: Run Behavior\ContentReplace [ RunTime:0.000000s ]
INFO: [ template_filter ] --END-- [ RunTime:0.000000s ]
NOTIC: [8] Undefined variable: res D:\phpStudy\WWW\project\Study master\git\ffck\master1\Application\Runtime\Cache\Home\53ffa27a7c32544ef56c0e315a62c758.php 第 432 行.
INFO: Run Behavior\ParseTemplate [ RunTime:0.016602s ]
INFO: [ view_parse ] --END-- [ RunTime:0.016602s ]
INFO: [ view_filter ] --START--
INFO: Run Behavior\WriteHtmlCache [ RunTime:0.000000s ]
INFO: [ view_filter ] --END-- [ RunTime:0.000000s ]
INFO: [ app_end ] --START--
INFO: Run Behavior\ShowPageTrace [ RunTime:0.000000s ]
INFO: [ app_end ] --END-- [ RunTime:0.000000s ]

[ 2017-03-28T11:19:22+08:00 ] ::1 /project/Study%20master/git/ffck/master1/index.php/Home/home/madeInfo.html
INFO: [ app_begin ] --START--
INFO: Run Behavior\ReadHtmlCache [ RunTime:0.000976s ]
INFO: [ app_begin ] --END-- [ RunTime:0.000976s ]
INFO: [ view_parse ] --START--
INFO: [ template_filter ] --START--
INFO: Run Behavior\ContentReplace [ RunTime:0.000000s ]
INFO: [ template_filter ] --END-- [ RunTime:0.000000s ]
NOTIC: [8] Undefined variable: res D:\phpStudy\WWW\project\Study master\git\ffck\master1\Application\Runtime\Cache\Home\53ffa27a7c32544ef56c0e315a62c758.php 第 435 行.
INFO: Run Behavior\ParseTemplate [ RunTime:0.017578s ]
INFO: [ view_parse ] --END-- [ RunTime:0.017578s ]
INFO: [ view_filter ] --START--
INFO: Run Behavior\WriteHtmlCache [ RunTime:0.000977s ]
INFO: [ view_filter ] --END-- [ RunTime:0.000977s ]
INFO: [ app_end ] --START--
INFO: Run Behavior\ShowPageTrace [ RunTime:0.000000s ]
INFO: [ app_end ] --END-- [ RunTime:0.000976s ]

[ 2017-03-28T11:25:11+08:00 ] ::1 /project/Study%20master/git/ffck/master1/index.php/Home/home/madeInfo.html
INFO: [ app_begin ] --START--
INFO: Run Behavior\ReadHtmlCache [ RunTime:0.000000s ]
INFO: [ app_begin ] --END-- [ RunTime:0.001953s ]
INFO: [ view_parse ] --START--
INFO: [ template_filter ] --START--
INFO: Run Behavior\ContentReplace [ RunTime:0.000000s ]
INFO: [ template_filter ] --END-- [ RunTime:0.000000s ]
NOTIC: [8] Undefined variable: res D:\phpStudy\WWW\project\Study master\git\ffck\master1\Application\Runtime\Cache\Home\53ffa27a7c32544ef56c0e315a62c758.php 第 435 行.
INFO: Run Behavior\ParseTemplate [ RunTime:0.026367s ]
INFO: [ view_parse ] --END-- [ RunTime:0.026367s ]
INFO: [ view_filter ] --START--
INFO: Run Behavior\WriteHtmlCache [ RunTime:0.000977s ]
INFO: [ view_filter ] --END-- [ RunTime:0.000977s ]
INFO: [ app_end ] --START--
INFO: Run Behavior\ShowPageTrace [ RunTime:0.000976s ]
INFO: [ app_end ] --END-- [ RunTime:0.000976s ]

[ 2017-03-28T11:35:15+08:00 ] ::1 /project/Study%20master/git/ffck/master1/index.php/Home/Home/madeList.html
INFO: [ app_begin ] --START--
INFO: Run Behavior\ReadHtmlCache [ RunTime:0.000977s ]
INFO: [ app_begin ] --END-- [ RunTime:0.000977s ]
INFO: [ view_parse ] --START--
INFO: [ template_filter ] --START--
INFO: Run Behavior\ContentReplace [ RunTime:0.000000s ]
INFO: [ template_filter ] --END-- [ RunTime:0.000977s ]
INFO: Run Behavior\ParseTemplate [ RunTime:0.026367s ]
INFO: [ view_parse ] --END-- [ RunTime:0.026367s ]
INFO: [ view_filter ] --START--
INFO: Run Behavior\WriteHtmlCache [ RunTime:0.000000s ]
INFO: [ view_filter ] --END-- [ RunTime:0.000000s ]
INFO: [ app_end ] --START--
INFO: Run Behavior\ShowPageTrace [ RunTime:0.000977s ]
INFO: [ app_end ] --END-- [ RunTime:0.000977s ]

[ 2017-03-28T11:36:54+08:00 ] ::1 /project/Study%20master/git/ffck/master1/index.php/Home/Home/madeList.html
INFO: [ app_begin ] --START--
INFO: Run Behavior\ReadHtmlCache [ RunTime:0.000000s ]
INFO: [ app_begin ] --END-- [ RunTime:0.000976s ]
INFO: [ view_parse ] --START--
INFO: [ template_filter ] --START--
INFO: Run Behavior\ContentReplace [ RunTime:0.000000s ]
INFO: [ template_filter ] --END-- [ RunTime:0.000000s ]
INFO: Run Behavior\ParseTemplate [ RunTime:0.017578s ]
INFO: [ view_parse ] --END-- [ RunTime:0.017578s ]
INFO: [ view_filter ] --START--
INFO: Run Behavior\WriteHtmlCache [ RunTime:0.000000s ]
INFO: [ view_filter ] --END-- [ RunTime:0.000000s ]
INFO: [ app_end ] --START--
INFO: Run Behavior\ShowPageTrace [ RunTime:0.000976s ]
INFO: [ app_end ] --END-- [ RunTime:0.000976s ]

[ 2017-03-28T11:38:30+08:00 ] ::1 /project/Study%20master/git/ffck/master1/index.php/Home/Home/madeList.html
INFO: [ app_begin ] --START--
INFO: Run Behavior\ReadHtmlCache [ RunTime:0.000977s ]
INFO: [ app_begin ] --END-- [ RunTime:0.000977s ]
INFO: [ view_parse ] --START--
INFO: [ template_filter ] --START--
INFO: Run Behavior\ContentReplace [ RunTime:0.000977s ]
INFO: [ template_filter ] --END-- [ RunTime:0.000977s ]
INFO: Run Behavior\ParseTemplate [ RunTime:0.016602s ]
INFO: [ view_parse ] --END-- [ RunTime:0.016602s ]
INFO: [ view_filter ] --START--
INFO: Run Behavior\WriteHtmlCache [ RunTime:0.000000s ]
INFO: [ view_filter ] --END-- [ RunTime:0.000000s ]
INFO: [ app_end ] --START--
INFO: Run Behavior\ShowPageTrace [ RunTime:0.000977s ]
INFO: [ app_end ] --END-- [ RunTime:0.000977s ]

[ 2017-03-28T11:39:04+08:00 ] ::1 /project/Study%20master/git/ffck/master1/index.php/Home/home/madeInfo.html
INFO: [ app_begin ] --START--
INFO: Run Behavior\ReadHtmlCache [ RunTime:0.000000s ]
INFO: [ app_begin ] --END-- [ RunTime:0.000977s ]
INFO: [ view_parse ] --START--
INFO: [ template_filter ] --START--
INFO: Run Behavior\ContentReplace [ RunTime:0.000000s ]
INFO: [ template_filter ] --END-- [ RunTime:0.000000s ]
NOTIC: [8] Undefined variable: res D:\phpStudy\WWW\project\Study master\git\ffck\master1\Application\Runtime\Cache\Home\53ffa27a7c32544ef56c0e315a62c758.php 第 435 行.
INFO: Run Behavior\ParseTemplate [ RunTime:0.015625s ]
INFO: [ view_parse ] --END-- [ RunTime:0.015625s ]
INFO: [ view_filter ] --START--
INFO: Run Behavior\WriteHtmlCache [ RunTime:0.000977s ]
INFO: [ view_filter ] --END-- [ RunTime:0.000977s ]
INFO: [ app_end ] --START--
INFO: Run Behavior\ShowPageTrace [ RunTime:0.000000s ]
INFO: [ app_end ] --END-- [ RunTime:0.000000s ]

[ 2017-03-28T11:40:29+08:00 ] ::1 /project/Study%20master/git/ffck/master1/index.php/Home/home/madeInfo.html
INFO: [ app_begin ] --START--
INFO: Run Behavior\ReadHtmlCache [ RunTime:0.000000s ]
INFO: [ app_begin ] --END-- [ RunTime:0.000977s ]
INFO: [ view_parse ] --START--
INFO: [ template_filter ] --START--
INFO: Run Behavior\ContentReplace [ RunTime:0.000977s ]
INFO: [ template_filter ] --END-- [ RunTime:0.000977s ]
NOTIC: [8] Undefined variable: res D:\phpStudy\WWW\project\Study master\git\ffck\master1\Application\Runtime\Cache\Home\53ffa27a7c32544ef56c0e315a62c758.php 第 435 行.
INFO: Run Behavior\ParseTemplate [ RunTime:0.015625s ]
INFO: [ view_parse ] --END-- [ RunTime:0.016601s ]
INFO: [ view_filter ] --START--
INFO: Run Behavior\WriteHtmlCache [ RunTime:0.000000s ]
INFO: [ view_filter ] --END-- [ RunTime:0.000000s ]
INFO: [ app_end ] --START--
INFO: Run Behavior\ShowPageTrace [ RunTime:0.000977s ]
INFO: [ app_end ] --END-- [ RunTime:0.000977s ]

[ 2017-03-28T11:44:04+08:00 ] ::1 /project/Study%20master/git/ffck/master1/index.php/Home/home/madeInfo.html
INFO: [ app_begin ] --START--
INFO: Run Behavior\ReadHtmlCache [ RunTime:0.000977s ]
INFO: [ app_begin ] --END-- [ RunTime:0.000977s ]
INFO: [ view_parse ] --START--
INFO: [ template_filter ] --START--
INFO: Run Behavior\ContentReplace [ RunTime:0.000000s ]
INFO: [ template_filter ] --END-- [ RunTime:0.000000s ]
NOTIC: [8] Undefined variable: res D:\phpStudy\WWW\project\Study master\git\ffck\master1\Application\Runtime\Cache\Home\53ffa27a7c32544ef56c0e315a62c758.php 第 436 行.
INFO: Run Behavior\ParseTemplate [ RunTime:0.025391s ]
INFO: [ view_parse ] --END-- [ RunTime:0.026367s ]
INFO: [ view_filter ] --START--
INFO: Run Behavior\WriteHtmlCache [ RunTime:0.000000s ]
INFO: [ view_filter ] --END-- [ RunTime:0.000000s ]
INFO: [ app_end ] --START--
INFO: Run Behavior\ShowPageTrace [ RunTime:0.000000s ]
INFO: [ app_end ] --END-- [ RunTime:0.000000s ]

[ 2017-03-28T11:44:13+08:00 ] ::1 /project/Study%20master/git/ffck/master1/index.php/Home/home/madeList.html
INFO: [ app_begin ] --START--
INFO: Run Behavior\ReadHtmlCache [ RunTime:0.000977s ]
INFO: [ app_begin ] --END-- [ RunTime:0.001953s ]
INFO: [ view_parse ] --START--
INFO: [ template_filter ] --START--
INFO: Run Behavior\ContentReplace [ RunTime:0.000976s ]
INFO: [ template_filter ] --END-- [ RunTime:0.000976s ]
INFO: Run Behavior\ParseTemplate [ RunTime:0.015625s ]
INFO: [ view_parse ] --END-- [ RunTime:0.015625s ]
INFO: [ view_filter ] --START--
INFO: Run Behavior\WriteHtmlCache [ RunTime:0.000000s ]
INFO: [ view_filter ] --END-- [ RunTime:0.000000s ]
INFO: [ app_end ] --START--
INFO: Run Behavior\ShowPageTrace [ RunTime:0.000977s ]
INFO: [ app_end ] --END-- [ RunTime:0.000977s ]

[ 2017-03-28T11:45:09+08:00 ] ::1 /project/Study%20master/git/ffck/master1/index.php/Home/home/madeList.html
INFO: [ app_begin ] --START--
INFO: Run Behavior\ReadHtmlCache [ RunTime:0.000000s ]
INFO: [ app_begin ] --END-- [ RunTime:0.000976s ]
INFO: [ view_parse ] --START--
INFO: [ template_filter ] --START--
INFO: Run Behavior\ContentReplace [ RunTime:0.000977s ]
INFO: [ template_filter ] --END-- [ RunTime:0.000977s ]
INFO: Run Behavior\ParseTemplate [ RunTime:0.014648s ]
INFO: [ view_parse ] --END-- [ RunTime:0.014648s ]
INFO: [ view_filter ] --START--
INFO: Run Behavior\WriteHtmlCache [ RunTime:0.000977s ]
INFO: [ view_filter ] --END-- [ RunTime:0.000977s ]
INFO: [ app_end ] --START--
INFO: Run Behavior\ShowPageTrace [ RunTime:0.000976s ]
INFO: [ app_end ] --END-- [ RunTime:0.000976s ]

[ 2017-03-28T11:45:32+08:00 ] ::1 /project/Study%20master/git/ffck/master1/index.php/Home/home/madeList.html
INFO: [ app_begin ] --START--
INFO: Run Behavior\ReadHtmlCache [ RunTime:0.000000s ]
INFO: [ app_begin ] --END-- [ RunTime:0.000977s ]
INFO: [ view_parse ] --START--
INFO: [ template_filter ] --START--
INFO: Run Behavior\ContentReplace [ RunTime:0.000977s ]
INFO: [ template_filter ] --END-- [ RunTime:0.000977s ]
INFO: Run Behavior\ParseTemplate [ RunTime:0.016602s ]
INFO: [ view_parse ] --END-- [ RunTime:0.016602s ]
INFO: [ view_filter ] --START--
INFO: Run Behavior\WriteHtmlCache [ RunTime:0.000000s ]
INFO: [ view_filter ] --END-- [ RunTime:0.000000s ]
INFO: [ app_end ] --START--
INFO: Run Behavior\ShowPageTrace [ RunTime:0.000976s ]
INFO: [ app_end ] --END-- [ RunTime:0.000976s ]

[ 2017-03-28T11:45:38+08:00 ] ::1 /project/Study%20master/git/ffck/master1/index.php/Home/home/madeInfo.html
INFO: [ app_begin ] --START--
INFO: Run Behavior\ReadHtmlCache [ RunTime:0.000976s ]
INFO: [ app_begin ] --END-- [ RunTime:0.000976s ]
INFO: [ view_parse ] --START--
INFO: [ template_filter ] --START--
INFO: Run Behavior\ContentReplace [ RunTime:0.000000s ]
INFO: [ template_filter ] --END-- [ RunTime:0.000000s ]
NOTIC: [8] Undefined variable: res D:\phpStudy\WWW\project\Study master\git\ffck\master1\Application\Runtime\Cache\Home\53ffa27a7c32544ef56c0e315a62c758.php 第 436 行.
INFO: Run Behavior\ParseTemplate [ RunTime:0.016601s ]
INFO: [ view_parse ] --END-- [ RunTime:0.016601s ]
INFO: [ view_filter ] --START--
INFO: Run Behavior\WriteHtmlCache [ RunTime:0.000000s ]
INFO: [ view_filter ] --END-- [ RunTime:0.000000s ]
INFO: [ app_end ] --START--
INFO: Run Behavior\ShowPageTrace [ RunTime:0.000977s ]
INFO: [ app_end ] --END-- [ RunTime:0.000977s ]

[ 2017-03-28T11:45:42+08:00 ] ::1 /project/Study%20master/git/ffck/master1/index.php/Home/Home/madeAdd.html
INFO: [ app_begin ] --START--
INFO: Run Behavior\ReadHtmlCache [ RunTime:0.000000s ]
INFO: [ app_begin ] --END-- [ RunTime:0.000976s ]
INFO: [ view_parse ] --START--
INFO: [ template_filter ] --START--
INFO: Run Behavior\ContentReplace [ RunTime:0.000000s ]
INFO: [ template_filter ] --END-- [ RunTime:0.000000s ]

[ 2017-03-28T11:49:45+08:00 ] ::1 /project/Study%20master/git/ffck/master1/index.php/Home/Home/madeAdd.html
INFO: [ app_begin ] --START--
INFO: Run Behavior\ReadHtmlCache [ RunTime:0.000000s ]
INFO: [ app_begin ] --END-- [ RunTime:0.000977s ]
INFO: [ view_parse ] --START--
INFO: [ template_filter ] --START--
INFO: Run Behavior\ContentReplace [ RunTime:0.000000s ]
INFO: [ template_filter ] --END-- [ RunTime:0.000000s ]
NOTIC: [8] Undefined variable: res D:\phpStudy\WWW\project\Study master\git\ffck\master1\Application\Runtime\Cache\Home\5c2045aab95c25802ae91b2a06012da8.php 第 418 行.
NOTIC: [8] Undefined variable: res D:\phpStudy\WWW\project\Study master\git\ffck\master1\Application\Runtime\Cache\Home\5c2045aab95c25802ae91b2a06012da8.php 第 422 行.
NOTIC: [8] Undefined variable: res D:\phpStudy\WWW\project\Study master\git\ffck\master1\Application\Runtime\Cache\Home\5c2045aab95c25802ae91b2a06012da8.php 第 429 行.
NOTIC: [8] Undefined variable: res D:\phpStudy\WWW\project\Study master\git\ffck\master1\Application\Runtime\Cache\Home\5c2045aab95c25802ae91b2a06012da8.php 第 436 行.
NOTIC: [8] Undefined variable: res D:\phpStudy\WWW\project\Study master\git\ffck\master1\Application\Runtime\Cache\Home\5c2045aab95c25802ae91b2a06012da8.php 第 442 行.
INFO: Run Behavior\ParseTemplate [ RunTime:0.018554s ]
INFO: [ view_parse ] --END-- [ RunTime:0.018554s ]
INFO: [ view_filter ] --START--
INFO: Run Behavior\WriteHtmlCache [ RunTime:0.000000s ]
INFO: [ view_filter ] --END-- [ RunTime:0.000000s ]
INFO: [ app_end ] --START--
INFO: Run Behavior\ShowPageTrace [ RunTime:0.000000s ]
INFO: [ app_end ] --END-- [ RunTime:0.000000s ]

[ 2017-03-28T12:04:10+08:00 ] ::1 /project/Study%20master/git/ffck/master1/index.php/Home/Home/madeList.html
INFO: [ app_begin ] --START--
INFO: Run Behavior\ReadHtmlCache [ RunTime:0.000976s ]
INFO: [ app_begin ] --END-- [ RunTime:0.000976s ]
INFO: [ view_parse ] --START--
INFO: [ template_filter ] --START--
INFO: Run Behavior\ContentReplace [ RunTime:0.000000s ]
INFO: [ template_filter ] --END-- [ RunTime:0.000000s ]
INFO: Run Behavior\ParseTemplate [ RunTime:0.028321s ]
INFO: [ view_parse ] --END-- [ RunTime:0.028321s ]
INFO: [ view_filter ] --START--
INFO: Run Behavior\WriteHtmlCache [ RunTime:0.000976s ]
INFO: [ view_filter ] --END-- [ RunTime:0.000976s ]
INFO: [ app_end ] --START--
INFO: Run Behavior\ShowPageTrace [ RunTime:0.000977s ]
INFO: [ app_end ] --END-- [ RunTime:0.000977s ]

[ 2017-03-28T12:04:19+08:00 ] ::1 /project/Study%20master/git/ffck/master1/index.php/Home/Home/madeAdd.html
INFO: [ app_begin ] --START--
INFO: Run Behavior\ReadHtmlCache [ RunTime:0.000000s ]
INFO: [ app_begin ] --END-- [ RunTime:0.000976s ]
INFO: [ view_parse ] --START--
INFO: [ template_filter ] --START--
INFO: Run Behavior\ContentReplace [ RunTime:0.000976s ]
INFO: [ template_filter ] --END-- [ RunTime:0.000976s ]
NOTIC: [8] Undefined variable: res D:\phpStudy\WWW\project\Study master\git\ffck\master1\Application\Runtime\Cache\Home\5c2045aab95c25802ae91b2a06012da8.php 第 418 行.
NOTIC: [8] Undefined variable: res D:\phpStudy\WWW\project\Study master\git\ffck\master1\Application\Runtime\Cache\Home\5c2045aab95c25802ae91b2a06012da8.php 第 422 行.
NOTIC: [8] Undefined variable: res D:\phpStudy\WWW\project\Study master\git\ffck\master1\Application\Runtime\Cache\Home\5c2045aab95c25802ae91b2a06012da8.php 第 429 行.
NOTIC: [8] Undefined variable: res D:\phpStudy\WWW\project\Study master\git\ffck\master1\Application\Runtime\Cache\Home\5c2045aab95c25802ae91b2a06012da8.php 第 436 行.
NOTIC: [8] Undefined variable: res D:\phpStudy\WWW\project\Study master\git\ffck\master1\Application\Runtime\Cache\Home\5c2045aab95c25802ae91b2a06012da8.php 第 442 行.
INFO: Run Behavior\ParseTemplate [ RunTime:0.017578s ]
INFO: [ view_parse ] --END-- [ RunTime:0.017578s ]
INFO: [ view_filter ] --START--
INFO: Run Behavior\WriteHtmlCache [ RunTime:0.000976s ]
INFO: [ view_filter ] --END-- [ RunTime:0.000976s ]
INFO: [ app_end ] --START--
INFO: Run Behavior\ShowPageTrace [ RunTime:0.000000s ]
INFO: [ app_end ] --END-- [ RunTime:0.000000s ]

[ 2017-03-28T12:04:33+08:00 ] ::1 /project/Study%20master/git/ffck/master1/index.php/Home/Home/madeList.html
INFO: [ app_begin ] --START--
INFO: Run Behavior\ReadHtmlCache [ RunTime:0.000000s ]
INFO: [ app_begin ] --END-- [ RunTime:0.000977s ]
INFO: [ view_parse ] --START--
INFO: [ template_filter ] --START--
INFO: Run Behavior\ContentReplace [ RunTime:0.000000s ]
INFO: [ template_filter ] --END-- [ RunTime:0.000000s ]
INFO: Run Behavior\ParseTemplate [ RunTime:0.017578s ]
INFO: [ view_parse ] --END-- [ RunTime:0.017578s ]
INFO: [ view_filter ] --START--
INFO: Run Behavior\WriteHtmlCache [ RunTime:0.000000s ]
INFO: [ view_filter ] --END-- [ RunTime:0.000000s ]
INFO: [ app_end ] --START--
INFO: Run Behavior\ShowPageTrace [ RunTime:0.000977s ]
INFO: [ app_end ] --END-- [ RunTime:0.000977s ]

[ 2017-03-28T12:04:37+08:00 ] ::1 /project/Study%20master/git/ffck/master1/index.php/Home/home/madeInfo.html
INFO: [ app_begin ] --START--
INFO: Run Behavior\ReadHtmlCache [ RunTime:0.000000s ]
INFO: [ app_begin ] --END-- [ RunTime:0.000977s ]
INFO: [ view_parse ] --START--
INFO: [ template_filter ] --START--
INFO: Run Behavior\ContentReplace [ RunTime:0.000000s ]
INFO: [ template_filter ] --END-- [ RunTime:0.000000s ]
NOTIC: [8] Undefined variable: res D:\phpStudy\WWW\project\Study master\git\ffck\master1\Application\Runtime\Cache\Home\53ffa27a7c32544ef56c0e315a62c758.php 第 436 行.
INFO: Run Behavior\ParseTemplate [ RunTime:0.017579s ]
INFO: [ view_parse ] --END-- [ RunTime:0.017579s ]
INFO: [ view_filter ] --START--
INFO: Run Behavior\WriteHtmlCache [ RunTime:0.000000s ]
INFO: [ view_filter ] --END-- [ RunTime:0.000000s ]
INFO: [ app_end ] --START--
INFO: Run Behavior\ShowPageTrace [ RunTime:0.000976s ]
INFO: [ app_end ] --END-- [ RunTime:0.000976s ]

[ 2017-03-28T12:06:57+08:00 ] ::1 /project/Study%20master/git/ffck/master1/index.php/Home/home/madeList.html
INFO: [ app_begin ] --START--
INFO: Run Behavior\ReadHtmlCache [ RunTime:0.000000s ]
INFO: [ app_begin ] --END-- [ RunTime:0.000976s ]
INFO: [ view_parse ] --START--
INFO: [ template_filter ] --START--
INFO: Run Behavior\ContentReplace [ RunTime:0.000000s ]
INFO: [ template_filter ] --END-- [ RunTime:0.000000s ]
INFO: Run Behavior\ParseTemplate [ RunTime:0.017578s ]
INFO: [ view_parse ] --END-- [ RunTime:0.017578s ]
INFO: [ view_filter ] --START--
INFO: Run Behavior\WriteHtmlCache [ RunTime:0.000000s ]
INFO: [ view_filter ] --END-- [ RunTime:0.000000s ]
INFO: [ app_end ] --START--
INFO: Run Behavior\ShowPageTrace [ RunTime:0.000000s ]
INFO: [ app_end ] --END-- [ RunTime:0.000000s ]

[ 2017-03-28T12:07:23+08:00 ] ::1 /project/Study%20master/git/ffck/master1/index.php/Home/home/madeInfo.html
INFO: [ app_begin ] --START--
INFO: Run Behavior\ReadHtmlCache [ RunTime:0.000000s ]
INFO: [ app_begin ] --END-- [ RunTime:0.000000s ]
INFO: [ view_parse ] --START--
INFO: [ template_filter ] --START--
INFO: Run Behavior\ContentReplace [ RunTime:0.000000s ]
INFO: [ template_filter ] --END-- [ RunTime:0.000000s ]
NOTIC: [8] Undefined variable: res D:\phpStudy\WWW\project\Study master\git\ffck\master1\Application\Runtime\Cache\Home\53ffa27a7c32544ef56c0e315a62c758.php 第 436 行.
INFO: Run Behavior\ParseTemplate [ RunTime:0.016601s ]
INFO: [ view_parse ] --END-- [ RunTime:0.016601s ]
INFO: [ view_filter ] --START--
INFO: Run Behavior\WriteHtmlCache [ RunTime:0.000000s ]
INFO: [ view_filter ] --END-- [ RunTime:0.000977s ]
INFO: [ app_end ] --START--
INFO: Run Behavior\ShowPageTrace [ RunTime:0.000976s ]
INFO: [ app_end ] --END-- [ RunTime:0.000976s ]

[ 2017-03-28T12:08:32+08:00 ] ::1 /project/Study%20master/git/ffck/master1/index.php/Home/home/madeInfo.html
INFO: [ app_begin ] --START--
INFO: Run Behavior\ReadHtmlCache [ RunTime:0.000000s ]
INFO: [ app_begin ] --END-- [ RunTime:0.000977s ]
INFO: [ view_parse ] --START--
INFO: [ template_filter ] --START--
INFO: Run Behavior\ContentReplace [ RunTime:0.000000s ]
INFO: [ template_filter ] --END-- [ RunTime:0.000977s ]
NOTIC: [8] Undefined variable: res D:\phpStudy\WWW\project\Study master\git\ffck\master1\Application\Runtime\Cache\Home\53ffa27a7c32544ef56c0e315a62c758.php 第 436 行.
INFO: Run Behavior\ParseTemplate [ RunTime:0.017578s ]
INFO: [ view_parse ] --END-- [ RunTime:0.017578s ]
INFO: [ view_filter ] --START--
INFO: Run Behavior\WriteHtmlCache [ RunTime:0.000977s ]
INFO: [ view_filter ] --END-- [ RunTime:0.000977s ]
INFO: [ app_end ] --START--
INFO: Run Behavior\ShowPageTrace [ RunTime:0.000976s ]
INFO: [ app_end ] --END-- [ RunTime:0.000976s ]

[ 2017-03-28T12:10:43+08:00 ] ::1 /project/Study%20master/git/ffck/master1/index.php/Home/home/madeList.html
INFO: [ app_begin ] --START--
INFO: Run Behavior\ReadHtmlCache [ RunTime:0.000000s ]
INFO: [ app_begin ] --END-- [ RunTime:0.000977s ]
INFO: [ view_parse ] --START--
INFO: [ template_filter ] --START--
INFO: Run Behavior\ContentReplace [ RunTime:0.000000s ]
INFO: [ template_filter ] --END-- [ RunTime:0.000000s ]
INFO: Run Behavior\ParseTemplate [ RunTime:0.027344s ]
INFO: [ view_parse ] --END-- [ RunTime:0.027344s ]
INFO: [ view_filter ] --START--
INFO: Run Behavior\WriteHtmlCache [ RunTime:0.000976s ]
INFO: [ view_filter ] --END-- [ RunTime:0.000976s ]
INFO: [ app_end ] --START--
INFO: Run Behavior\ShowPageTrace [ RunTime:0.000977s ]
INFO: [ app_end ] --END-- [ RunTime:0.000977s ]

[ 2017-03-28T12:10:46+08:00 ] ::1 /project/Study%20master/git/ffck/master1/index.php/Home/Home/madeAdd.html
INFO: [ app_begin ] --START--
INFO: Run Behavior\ReadHtmlCache [ RunTime:0.000000s ]
INFO: [ app_begin ] --END-- [ RunTime:0.001953s ]
INFO: [ view_parse ] --START--
INFO: [ template_filter ] --START--
INFO: Run Behavior\ContentReplace [ RunTime:0.000000s ]
INFO: [ template_filter ] --END-- [ RunTime:0.000976s ]
NOTIC: [8] Undefined variable: res D:\phpStudy\WWW\project\Study master\git\ffck\master1\Application\Runtime\Cache\Home\5c2045aab95c25802ae91b2a06012da8.php 第 418 行.
NOTIC: [8] Undefined variable: res D:\phpStudy\WWW\project\Study master\git\ffck\master1\Application\Runtime\Cache\Home\5c2045aab95c25802ae91b2a06012da8.php 第 422 行.
NOTIC: [8] Undefined variable: res D:\phpStudy\WWW\project\Study master\git\ffck\master1\Application\Runtime\Cache\Home\5c2045aab95c25802ae91b2a06012da8.php 第 429 行.
NOTIC: [8] Undefined variable: res D:\phpStudy\WWW\project\Study master\git\ffck\master1\Application\Runtime\Cache\Home\5c2045aab95c25802ae91b2a06012da8.php 第 436 行.
NOTIC: [8] Undefined variable: res D:\phpStudy\WWW\project\Study master\git\ffck\master1\Application\Runtime\Cache\Home\5c2045aab95c25802ae91b2a06012da8.php 第 442 行.
INFO: Run Behavior\ParseTemplate [ RunTime:0.017578s ]
INFO: [ view_parse ] --END-- [ RunTime:0.017578s ]
INFO: [ view_filter ] --START--
INFO: Run Behavior\WriteHtmlCache [ RunTime:0.000976s ]
INFO: [ view_filter ] --END-- [ RunTime:0.000976s ]
INFO: [ app_end ] --START--
INFO: Run Behavior\ShowPageTrace [ RunTime:0.000000s ]
INFO: [ app_end ] --END-- [ RunTime:0.000977s ]

[ 2017-03-28T14:58:52+08:00 ] ::1 /project/Study%20master/git/ffck/master1/index.php/Home/Home/madeAdd.html
INFO: [ app_begin ] --START--
INFO: Run Behavior\ReadHtmlCache [ RunTime:0.000977s ]
INFO: [ app_begin ] --END-- [ RunTime:0.000977s ]
INFO: [ view_parse ] --START--
INFO: [ template_filter ] --START--
INFO: Run Behavior\ContentReplace [ RunTime:0.000000s ]
INFO: [ template_filter ] --END-- [ RunTime:0.000000s ]
NOTIC: [8] Undefined variable: res D:\phpStudy\WWW\project\Study master\git\ffck\master1\Application\Runtime\Cache\Home\5c2045aab95c25802ae91b2a06012da8.php 第 418 行.
NOTIC: [8] Undefined variable: res D:\phpStudy\WWW\project\Study master\git\ffck\master1\Application\Runtime\Cache\Home\5c2045aab95c25802ae91b2a06012da8.php 第 422 行.
NOTIC: [8] Undefined variable: res D:\phpStudy\WWW\project\Study master\git\ffck\master1\Application\Runtime\Cache\Home\5c2045aab95c25802ae91b2a06012da8.php 第 429 行.
NOTIC: [8] Undefined variable: res D:\phpStudy\WWW\project\Study master\git\ffck\master1\Application\Runtime\Cache\Home\5c2045aab95c25802ae91b2a06012da8.php 第 436 行.
NOTIC: [8] Undefined variable: res D:\phpStudy\WWW\project\Study master\git\ffck\master1\Application\Runtime\Cache\Home\5c2045aab95c25802ae91b2a06012da8.php 第 442 行.
INFO: Run Behavior\ParseTemplate [ RunTime:0.026367s ]
INFO: [ view_parse ] --END-- [ RunTime:0.026367s ]
INFO: [ view_filter ] --START--
INFO: Run Behavior\WriteHtmlCache [ RunTime:0.000000s ]
INFO: [ view_filter ] --END-- [ RunTime:0.000000s ]
INFO: [ app_end ] --START--
INFO: Run Behavior\ShowPageTrace [ RunTime:0.000000s ]
INFO: [ app_end ] --END-- [ RunTime:0.000976s ]

[ 2017-03-28T14:59:55+08:00 ] ::1 /project/Study%20master/git/ffck/master1/index.php/Home/Home/madeAdd.html
INFO: [ app_begin ] --START--
INFO: Run Behavior\ReadHtmlCache [ RunTime:0.000976s ]
INFO: [ app_begin ] --END-- [ RunTime:0.001953s ]
INFO: [ view_parse ] --START--
INFO: [ template_filter ] --START--
INFO: Run Behavior\ContentReplace [ RunTime:0.000000s ]
INFO: [ template_filter ] --END-- [ RunTime:0.000000s ]
NOTIC: [8] Undefined variable: res D:\phpStudy\WWW\project\Study master\git\ffck\master1\Application\Runtime\Cache\Home\5c2045aab95c25802ae91b2a06012da8.php 第 418 行.
NOTIC: [8] Undefined variable: res D:\phpStudy\WWW\project\Study master\git\ffck\master1\Application\Runtime\Cache\Home\5c2045aab95c25802ae91b2a06012da8.php 第 422 行.
NOTIC: [8] Undefined variable: res D:\phpStudy\WWW\project\Study master\git\ffck\master1\Application\Runtime\Cache\Home\5c2045aab95c25802ae91b2a06012da8.php 第 429 行.
NOTIC: [8] Undefined variable: res D:\phpStudy\WWW\project\Study master\git\ffck\master1\Application\Runtime\Cache\Home\5c2045aab95c25802ae91b2a06012da8.php 第 436 行.
NOTIC: [8] Undefined variable: res D:\phpStudy\WWW\project\Study master\git\ffck\master1\Application\Runtime\Cache\Home\5c2045aab95c25802ae91b2a06012da8.php 第 442 行.
INFO: Run Behavior\ParseTemplate [ RunTime:0.017578s ]
INFO: [ view_parse ] --END-- [ RunTime:0.017578s ]
INFO: [ view_filter ] --START--
INFO: Run Behavior\WriteHtmlCache [ RunTime:0.000000s ]
INFO: [ view_filter ] --END-- [ RunTime:0.000000s ]
INFO: [ app_end ] --START--
INFO: Run Behavior\ShowPageTrace [ RunTime:0.000000s ]
INFO: [ app_end ] --END-- [ RunTime:0.000977s ]

[ 2017-03-28T14:59:59+08:00 ] ::1 /project/Study%20master/git/ffck/master1/index.php/Home/home/planeList.html
INFO: [ app_begin ] --START--
INFO: Run Behavior\ReadHtmlCache [ RunTime:0.000977s ]
INFO: [ app_begin ] --END-- [ RunTime:0.000977s ]
INFO: [ view_parse ] --START--
INFO: [ template_filter ] --START--
INFO: Run Behavior\ContentReplace [ RunTime:0.000000s ]
INFO: [ template_filter ] --END-- [ RunTime:0.000000s ]
NOTIC: [8] Undefined variable: res D:\phpStudy\WWW\project\Study master\git\ffck\master1\Application\Runtime\Cache\Home\c33dd500194ecbc3959cc97ffe65c9f4.php 第 418 行.
NOTIC: [8] Undefined variable: res D:\phpStudy\WWW\project\Study master\git\ffck\master1\Application\Runtime\Cache\Home\c33dd500194ecbc3959cc97ffe65c9f4.php 第 422 行.
NOTIC: [8] Undefined variable: res D:\phpStudy\WWW\project\Study master\git\ffck\master1\Application\Runtime\Cache\Home\c33dd500194ecbc3959cc97ffe65c9f4.php 第 429 行.
NOTIC: [8] Undefined variable: res D:\phpStudy\WWW\project\Study master\git\ffck\master1\Application\Runtime\Cache\Home\c33dd500194ecbc3959cc97ffe65c9f4.php 第 436 行.
NOTIC: [8] Undefined variable: res D:\phpStudy\WWW\project\Study master\git\ffck\master1\Application\Runtime\Cache\Home\c33dd500194ecbc3959cc97ffe65c9f4.php 第 442 行.
INFO: Run Behavior\ParseTemplate [ RunTime:0.016602s ]
INFO: [ view_parse ] --END-- [ RunTime:0.016602s ]
INFO: [ view_filter ] --START--
INFO: Run Behavior\WriteHtmlCache [ RunTime:0.000000s ]
INFO: [ view_filter ] --END-- [ RunTime:0.000000s ]
INFO: [ app_end ] --START--
INFO: Run Behavior\ShowPageTrace [ RunTime:0.000000s ]
INFO: [ app_end ] --END-- [ RunTime:0.000000s ]

[ 2017-03-28T15:00:08+08:00 ] ::1 /project/Study%20master/git/ffck/master1/index.php/Home/home/carList.html
INFO: [ app_begin ] --START--
INFO: Run Behavior\ReadHtmlCache [ RunTime:0.000000s ]
INFO: [ app_begin ] --END-- [ RunTime:0.000977s ]
INFO: [ view_parse ] --START--
INFO: [ template_filter ] --START--
INFO: Run Behavior\ContentReplace [ RunTime:0.000000s ]
INFO: [ template_filter ] --END-- [ RunTime:0.000000s ]
INFO: Run Behavior\ParseTemplate [ RunTime:0.015625s ]
INFO: [ view_parse ] --END-- [ RunTime:0.016601s ]
INFO: [ view_filter ] --START--
INFO: Run Behavior\WriteHtmlCache [ RunTime:0.000000s ]
INFO: [ view_filter ] --END-- [ RunTime:0.000000s ]
INFO: [ app_end ] --START--
INFO: Run Behavior\ShowPageTrace [ RunTime:0.000977s ]
INFO: [ app_end ] --END-- [ RunTime:0.000977s ]

[ 2017-03-28T15:00:11+08:00 ] ::1 /project/Study%20master/git/ffck/master1/index.php/Home/home/planeList.html
INFO: [ app_begin ] --START--
INFO: Run Behavior\ReadHtmlCache [ RunTime:0.000000s ]
INFO: [ app_begin ] --END-- [ RunTime:0.000977s ]
INFO: [ view_parse ] --START--
INFO: [ template_filter ] --START--
INFO: Run Behavior\ContentReplace [ RunTime:0.000000s ]
INFO: [ template_filter ] --END-- [ RunTime:0.000000s ]
NOTIC: [8] Undefined variable: res D:\phpStudy\WWW\project\Study master\git\ffck\master1\Application\Runtime\Cache\Home\c33dd500194ecbc3959cc97ffe65c9f4.php 第 418 行.
NOTIC: [8] Undefined variable: res D:\phpStudy\WWW\project\Study master\git\ffck\master1\Application\Runtime\Cache\Home\c33dd500194ecbc3959cc97ffe65c9f4.php 第 422 行.
NOTIC: [8] Undefined variable: res D:\phpStudy\WWW\project\Study master\git\ffck\master1\Application\Runtime\Cache\Home\c33dd500194ecbc3959cc97ffe65c9f4.php 第 429 行.
NOTIC: [8] Undefined variable: res D:\phpStudy\WWW\project\Study master\git\ffck\master1\Application\Runtime\Cache\Home\c33dd500194ecbc3959cc97ffe65c9f4.php 第 436 行.
NOTIC: [8] Undefined variable: res D:\phpStudy\WWW\project\Study master\git\ffck\master1\Application\Runtime\Cache\Home\c33dd500194ecbc3959cc97ffe65c9f4.php 第 442 行.
INFO: Run Behavior\ParseTemplate [ RunTime:0.015625s ]
INFO: [ view_parse ] --END-- [ RunTime:0.015625s ]
INFO: [ view_filter ] --START--
INFO: Run Behavior\WriteHtmlCache [ RunTime:0.000977s ]
INFO: [ view_filter ] --END-- [ RunTime:0.000977s ]
INFO: [ app_end ] --START--
INFO: Run Behavior\ShowPageTrace [ RunTime:0.000976s ]
INFO: [ app_end ] --END-- [ RunTime:0.000976s ]

[ 2017-03-28T15:00:16+08:00 ] ::1 /project/Study%20master/git/ffck/master1/index.php/Home/home/madeList.html
INFO: [ app_begin ] --START--
INFO: Run Behavior\ReadHtmlCache [ RunTime:0.000000s ]
INFO: [ app_begin ] --END-- [ RunTime:0.000976s ]
INFO: [ view_parse ] --START--
INFO: [ template_filter ] --START--
INFO: Run Behavior\ContentReplace [ RunTime:0.000000s ]
INFO: [ template_filter ] --END-- [ RunTime:0.000000s ]
INFO: Run Behavior\ParseTemplate [ RunTime:0.015625s ]
INFO: [ view_parse ] --END-- [ RunTime:0.015625s ]
INFO: [ view_filter ] --START--
INFO: Run Behavior\WriteHtmlCache [ RunTime:0.000976s ]
INFO: [ view_filter ] --END-- [ RunTime:0.000976s ]
INFO: [ app_end ] --START--
INFO: Run Behavior\ShowPageTrace [ RunTime:0.000000s ]
INFO: [ app_end ] --END-- [ RunTime:0.000000s ]

[ 2017-03-28T15:00:18+08:00 ] ::1 /project/Study%20master/git/ffck/master1/index.php/Home/home/planeList.html
INFO: [ app_begin ] --START--
INFO: Run Behavior\ReadHtmlCache [ RunTime:0.000000s ]
INFO: [ app_begin ] --END-- [ RunTime:0.000976s ]
INFO: [ view_parse ] --START--
INFO: [ template_filter ] --START--
INFO: Run Behavior\ContentReplace [ RunTime:0.000000s ]
INFO: [ template_filter ] --END-- [ RunTime:0.000000s ]
NOTIC: [8] Undefined variable: res D:\phpStudy\WWW\project\Study master\git\ffck\master1\Application\Runtime\Cache\Home\c33dd500194ecbc3959cc97ffe65c9f4.php 第 418 行.
NOTIC: [8] Undefined variable: res D:\phpStudy\WWW\project\Study master\git\ffck\master1\Application\Runtime\Cache\Home\c33dd500194ecbc3959cc97ffe65c9f4.php 第 422 行.
NOTIC: [8] Undefined variable: res D:\phpStudy\WWW\project\Study master\git\ffck\master1\Application\Runtime\Cache\Home\c33dd500194ecbc3959cc97ffe65c9f4.php 第 429 行.
NOTIC: [8] Undefined variable: res D:\phpStudy\WWW\project\Study master\git\ffck\master1\Application\Runtime\Cache\Home\c33dd500194ecbc3959cc97ffe65c9f4.php 第 436 行.
NOTIC: [8] Undefined variable: res D:\phpStudy\WWW\project\Study master\git\ffck\master1\Application\Runtime\Cache\Home\c33dd500194ecbc3959cc97ffe65c9f4.php 第 442 行.
INFO: Run Behavior\ParseTemplate [ RunTime:0.015625s ]
INFO: [ view_parse ] --END-- [ RunTime:0.015625s ]
INFO: [ view_filter ] --START--
INFO: Run Behavior\WriteHtmlCache [ RunTime:0.000976s ]
INFO: [ view_filter ] --END-- [ RunTime:0.000976s ]
INFO: [ app_end ] --START--
INFO: Run Behavior\ShowPageTrace [ RunTime:0.000000s ]
INFO: [ app_end ] --END-- [ RunTime:0.000000s ]

[ 2017-03-28T15:01:02+08:00 ] ::1 /project/Study%20master/git/ffck/master1/index.php/Home/home/planeList.html
INFO: [ app_begin ] --START--
INFO: Run Behavior\ReadHtmlCache [ RunTime:0.000976s ]
INFO: [ app_begin ] --END-- [ RunTime:0.000976s ]
INFO: [ view_parse ] --START--
INFO: [ template_filter ] --START--
INFO: Run Behavior\ContentReplace [ RunTime:0.000976s ]
INFO: [ template_filter ] --END-- [ RunTime:0.000976s ]
NOTIC: [8] Undefined variable: res D:\phpStudy\WWW\project\Study master\git\ffck\master1\Application\Runtime\Cache\Home\e41b2f1a2b68a0f5f08ae33a12d7b19a.php 第 418 行.
NOTIC: [8] Undefined variable: res D:\phpStudy\WWW\project\Study master\git\ffck\master1\Application\Runtime\Cache\Home\e41b2f1a2b68a0f5f08ae33a12d7b19a.php 第 422 行.
NOTIC: [8] Undefined variable: res D:\phpStudy\WWW\project\Study master\git\ffck\master1\Application\Runtime\Cache\Home\e41b2f1a2b68a0f5f08ae33a12d7b19a.php 第 429 行.
NOTIC: [8] Undefined variable: res D:\phpStudy\WWW\project\Study master\git\ffck\master1\Application\Runtime\Cache\Home\e41b2f1a2b68a0f5f08ae33a12d7b19a.php 第 436 行.
NOTIC: [8] Undefined variable: res D:\phpStudy\WWW\project\Study master\git\ffck\master1\Application\Runtime\Cache\Home\e41b2f1a2b68a0f5f08ae33a12d7b19a.php 第 442 行.
INFO: Run Behavior\ParseTemplate [ RunTime:0.016601s ]
INFO: [ view_parse ] --END-- [ RunTime:0.016601s ]
INFO: [ view_filter ] --START--
INFO: Run Behavior\WriteHtmlCache [ RunTime:0.000000s ]
INFO: [ view_filter ] --END-- [ RunTime:0.000000s ]
INFO: [ app_end ] --START--
INFO: Run Behavior\ShowPageTrace [ RunTime:0.000000s ]
INFO: [ app_end ] --END-- [ RunTime:0.000977s ]

[ 2017-03-28T15:02:08+08:00 ] ::1 /project/Study%20master/git/ffck/master1/index.php/Home/home/planeList.html
INFO: [ app_begin ] --START--
INFO: Run Behavior\ReadHtmlCache [ RunTime:0.000977s ]
INFO: [ app_begin ] --END-- [ RunTime:0.000977s ]
INFO: [ view_parse ] --START--
INFO: [ template_filter ] --START--
INFO: Run Behavior\ContentReplace [ RunTime:0.000000s ]
INFO: [ template_filter ] --END-- [ RunTime:0.000000s ]
NOTIC: [8] Undefined variable: res D:\phpStudy\WWW\project\Study master\git\ffck\master1\Application\Runtime\Cache\Home\e41b2f1a2b68a0f5f08ae33a12d7b19a.php 第 418 行.
NOTIC: [8] Undefined variable: res D:\phpStudy\WWW\project\Study master\git\ffck\master1\Application\Runtime\Cache\Home\e41b2f1a2b68a0f5f08ae33a12d7b19a.php 第 422 行.
NOTIC: [8] Undefined variable: res D:\phpStudy\WWW\project\Study master\git\ffck\master1\Application\Runtime\Cache\Home\e41b2f1a2b68a0f5f08ae33a12d7b19a.php 第 429 行.
NOTIC: [8] Undefined variable: res D:\phpStudy\WWW\project\Study master\git\ffck\master1\Application\Runtime\Cache\Home\e41b2f1a2b68a0f5f08ae33a12d7b19a.php 第 436 行.
NOTIC: [8] Undefined variable: res D:\phpStudy\WWW\project\Study master\git\ffck\master1\Application\Runtime\Cache\Home\e41b2f1a2b68a0f5f08ae33a12d7b19a.php 第 442 行.
INFO: Run Behavior\ParseTemplate [ RunTime:0.015625s ]
INFO: [ view_parse ] --END-- [ RunTime:0.015625s ]
INFO: [ view_filter ] --START--
INFO: Run Behavior\WriteHtmlCache [ RunTime:0.000000s ]
INFO: [ view_filter ] --END-- [ RunTime:0.000977s ]
INFO: [ app_end ] --START--
INFO: Run Behavior\ShowPageTrace [ RunTime:0.000976s ]
INFO: [ app_end ] --END-- [ RunTime:0.000976s ]

[ 2017-03-28T15:02:10+08:00 ] ::1 /project/Study%20master/git/ffck/master1/index.php/Home/home/planeList.html
INFO: [ app_begin ] --START--
INFO: Run Behavior\ReadHtmlCache [ RunTime:0.000000s ]
INFO: [ app_begin ] --END-- [ RunTime:0.000977s ]
INFO: [ view_parse ] --START--
INFO: [ template_filter ] --START--
INFO: Run Behavior\ContentReplace [ RunTime:0.000000s ]
INFO: [ template_filter ] --END-- [ RunTime:0.000000s ]
NOTIC: [8] Undefined variable: res D:\phpStudy\WWW\project\Study master\git\ffck\master1\Application\Runtime\Cache\Home\e41b2f1a2b68a0f5f08ae33a12d7b19a.php 第 418 行.
NOTIC: [8] Undefined variable: res D:\phpStudy\WWW\project\Study master\git\ffck\master1\Application\Runtime\Cache\Home\e41b2f1a2b68a0f5f08ae33a12d7b19a.php 第 422 行.
NOTIC: [8] Undefined variable: res D:\phpStudy\WWW\project\Study master\git\ffck\master1\Application\Runtime\Cache\Home\e41b2f1a2b68a0f5f08ae33a12d7b19a.php 第 429 行.
NOTIC: [8] Undefined variable: res D:\phpStudy\WWW\project\Study master\git\ffck\master1\Application\Runtime\Cache\Home\e41b2f1a2b68a0f5f08ae33a12d7b19a.php 第 436 行.
NOTIC: [8] Undefined variable: res D:\phpStudy\WWW\project\Study master\git\ffck\master1\Application\Runtime\Cache\Home\e41b2f1a2b68a0f5f08ae33a12d7b19a.php 第 442 行.
INFO: Run Behavior\ParseTemplate [ RunTime:0.016602s ]
INFO: [ view_parse ] --END-- [ RunTime:0.016602s ]
INFO: [ view_filter ] --START--
INFO: Run Behavior\WriteHtmlCache [ RunTime:0.000977s ]
INFO: [ view_filter ] --END-- [ RunTime:0.000977s ]
INFO: [ app_end ] --START--
INFO: Run Behavior\ShowPageTrace [ RunTime:0.000000s ]
INFO: [ app_end ] --END-- [ RunTime:0.000976s ]

[ 2017-03-28T15:02:13+08:00 ] ::1 /project/Study%20master/git/ffck/master1/index.php/Home/home/carList.html
INFO: [ app_begin ] --START--
INFO: Run Behavior\ReadHtmlCache [ RunTime:0.000976s ]
INFO: [ app_begin ] --END-- [ RunTime:0.000976s ]
INFO: [ view_parse ] --START--
INFO: [ template_filter ] --START--
INFO: Run Behavior\ContentReplace [ RunTime:0.000000s ]
INFO: [ template_filter ] --END-- [ RunTime:0.000000s ]
INFO: Run Behavior\ParseTemplate [ RunTime:0.016602s ]
INFO: [ view_parse ] --END-- [ RunTime:0.016602s ]
INFO: [ view_filter ] --START--
INFO: Run Behavior\WriteHtmlCache [ RunTime:0.000000s ]
INFO: [ view_filter ] --END-- [ RunTime:0.000976s ]
INFO: [ app_end ] --START--
INFO: Run Behavior\ShowPageTrace [ RunTime:0.000000s ]
INFO: [ app_end ] --END-- [ RunTime:0.000000s ]

[ 2017-03-28T15:02:16+08:00 ] ::1 /project/Study%20master/git/ffck/master1/index.php/Home/home/planeList.html
INFO: [ app_begin ] --START--
INFO: Run Behavior\ReadHtmlCache [ RunTime:0.000000s ]
INFO: [ app_begin ] --END-- [ RunTime:0.000977s ]
INFO: [ view_parse ] --START--
INFO: [ template_filter ] --START--
INFO: Run Behavior\ContentReplace [ RunTime:0.000000s ]
INFO: [ template_filter ] --END-- [ RunTime:0.000000s ]
NOTIC: [8] Undefined variable: res D:\phpStudy\WWW\project\Study master\git\ffck\master1\Application\Runtime\Cache\Home\e41b2f1a2b68a0f5f08ae33a12d7b19a.php 第 418 行.
NOTIC: [8] Undefined variable: res D:\phpStudy\WWW\project\Study master\git\ffck\master1\Application\Runtime\Cache\Home\e41b2f1a2b68a0f5f08ae33a12d7b19a.php 第 422 行.
NOTIC: [8] Undefined variable: res D:\phpStudy\WWW\project\Study master\git\ffck\master1\Application\Runtime\Cache\Home\e41b2f1a2b68a0f5f08ae33a12d7b19a.php 第 429 行.
NOTIC: [8] Undefined variable: res D:\phpStudy\WWW\project\Study master\git\ffck\master1\Application\Runtime\Cache\Home\e41b2f1a2b68a0f5f08ae33a12d7b19a.php 第 436 行.
NOTIC: [8] Undefined variable: res D:\phpStudy\WWW\project\Study master\git\ffck\master1\Application\Runtime\Cache\Home\e41b2f1a2b68a0f5f08ae33a12d7b19a.php 第 442 行.
INFO: Run Behavior\ParseTemplate [ RunTime:0.015625s ]
INFO: [ view_parse ] --END-- [ RunTime:0.015625s ]
INFO: [ view_filter ] --START--
INFO: Run Behavior\WriteHtmlCache [ RunTime:0.000977s ]
INFO: [ view_filter ] --END-- [ RunTime:0.000977s ]
INFO: [ app_end ] --START--
INFO: Run Behavior\ShowPageTrace [ RunTime:0.000976s ]
INFO: [ app_end ] --END-- [ RunTime:0.000976s ]

[ 2017-03-28T15:03:00+08:00 ] ::1 /project/Study%20master/git/ffck/master1/index.php/Home/Home/planeList.html
INFO: [ app_begin ] --START--
INFO: Run Behavior\ReadHtmlCache [ RunTime:0.000977s ]
INFO: [ app_begin ] --END-- [ RunTime:0.000977s ]
INFO: [ view_parse ] --START--
INFO: [ template_filter ] --START--
INFO: Run Behavior\ContentReplace [ RunTime:0.000000s ]
INFO: [ template_filter ] --END-- [ RunTime:0.000000s ]
NOTIC: [8] Undefined variable: res D:\phpStudy\WWW\project\Study master\git\ffck\master1\Application\Runtime\Cache\Home\e41b2f1a2b68a0f5f08ae33a12d7b19a.php 第 418 行.
NOTIC: [8] Undefined variable: res D:\phpStudy\WWW\project\Study master\git\ffck\master1\Application\Runtime\Cache\Home\e41b2f1a2b68a0f5f08ae33a12d7b19a.php 第 422 行.
NOTIC: [8] Undefined variable: res D:\phpStudy\WWW\project\Study master\git\ffck\master1\Application\Runtime\Cache\Home\e41b2f1a2b68a0f5f08ae33a12d7b19a.php 第 429 行.
NOTIC: [8] Undefined variable: res D:\phpStudy\WWW\project\Study master\git\ffck\master1\Application\Runtime\Cache\Home\e41b2f1a2b68a0f5f08ae33a12d7b19a.php 第 436 行.
NOTIC: [8] Undefined variable: res D:\phpStudy\WWW\project\Study master\git\ffck\master1\Application\Runtime\Cache\Home\e41b2f1a2b68a0f5f08ae33a12d7b19a.php 第 442 行.
INFO: Run Behavior\ParseTemplate [ RunTime:0.015625s ]
INFO: [ view_parse ] --END-- [ RunTime:0.015625s ]
INFO: [ view_filter ] --START--
INFO: Run Behavior\WriteHtmlCache [ RunTime:0.000976s ]
INFO: [ view_filter ] --END-- [ RunTime:0.000976s ]
INFO: [ app_end ] --START--
INFO: Run Behavior\ShowPageTrace [ RunTime:0.000000s ]
INFO: [ app_end ] --END-- [ RunTime:0.000000s ]

[ 2017-03-28T15:03:48+08:00 ] ::1 /project/Study%20master/git/ffck/master1/index.php/Home/Home/planeList.html
INFO: [ app_begin ] --START--
INFO: Run Behavior\ReadHtmlCache [ RunTime:0.000976s ]
INFO: [ app_begin ] --END-- [ RunTime:0.000976s ]

[ 2017-03-28T15:05:09+08:00 ] ::1 /project/Study%20master/git/ffck/master1/index.php/Home/Home/planeList.html
INFO: [ app_begin ] --START--
INFO: Run Behavior\ReadHtmlCache [ RunTime:0.000977s ]
INFO: [ app_begin ] --END-- [ RunTime:0.000977s ]
INFO: [ view_parse ] --START--
INFO: [ template_filter ] --START--
INFO: Run Behavior\ContentReplace [ RunTime:0.000000s ]
INFO: [ template_filter ] --END-- [ RunTime:0.000000s ]
INFO: Run Behavior\ParseTemplate [ RunTime:0.015625s ]
INFO: [ view_parse ] --END-- [ RunTime:0.015625s ]
INFO: [ view_filter ] --START--
INFO: Run Behavior\WriteHtmlCache [ RunTime:0.000977s ]
INFO: [ view_filter ] --END-- [ RunTime:0.000977s ]
INFO: [ app_end ] --START--
INFO: Run Behavior\ShowPageTrace [ RunTime:0.000000s ]
INFO: [ app_end ] --END-- [ RunTime:0.000000s ]

[ 2017-03-28T15:38:28+08:00 ] ::1 /project/Study%20master/git/ffck/master1/index.php/Home/home/planeInfo.html
INFO: [ app_begin ] --START--
INFO: Run Behavior\ReadHtmlCache [ RunTime:0.000000s ]
INFO: [ app_begin ] --END-- [ RunTime:0.000976s ]
INFO: [ view_parse ] --START--
INFO: [ template_filter ] --START--
INFO: Run Behavior\ContentReplace [ RunTime:0.000000s ]
INFO: [ template_filter ] --END-- [ RunTime:0.000000s ]
NOTIC: [8] Undefined variable: res D:\phpStudy\WWW\project\Study master\git\ffck\master1\Application\Runtime\Cache\Home\b8ebebd4d4b3847c92023eb758251b9f.php 第 436 行.
INFO: Run Behavior\ParseTemplate [ RunTime:0.028321s ]
INFO: [ view_parse ] --END-- [ RunTime:0.028321s ]
INFO: [ view_filter ] --START--
INFO: Run Behavior\WriteHtmlCache [ RunTime:0.000976s ]
INFO: [ view_filter ] --END-- [ RunTime:0.000976s ]
INFO: [ app_end ] --START--
INFO: Run Behavior\ShowPageTrace [ RunTime:0.000977s ]
INFO: [ app_end ] --END-- [ RunTime:0.000977s ]

[ 2017-03-28T15:39:41+08:00 ] ::1 /project/Study%20master/git/ffck/master1/index.php/Home/home/planeInfo.html
INFO: [ app_begin ] --START--
INFO: Run Behavior\ReadHtmlCache [ RunTime:0.000000s ]
INFO: [ app_begin ] --END-- [ RunTime:0.000977s ]
INFO: [ view_parse ] --START--
INFO: [ template_filter ] --START--
INFO: Run Behavior\ContentReplace [ RunTime:0.000000s ]
INFO: [ template_filter ] --END-- [ RunTime:0.000000s ]
NOTIC: [8] Undefined variable: res D:\phpStudy\WWW\project\Study master\git\ffck\master1\Application\Runtime\Cache\Home\b8ebebd4d4b3847c92023eb758251b9f.php 第 436 行.
INFO: Run Behavior\ParseTemplate [ RunTime:0.018555s ]
INFO: [ view_parse ] --END-- [ RunTime:0.018555s ]
INFO: [ view_filter ] --START--
INFO: Run Behavior\WriteHtmlCache [ RunTime:0.000000s ]
INFO: [ view_filter ] --END-- [ RunTime:0.000000s ]
INFO: [ app_end ] --START--
INFO: Run Behavior\ShowPageTrace [ RunTime:0.000977s ]
INFO: [ app_end ] --END-- [ RunTime:0.000977s ]

[ 2017-03-28T15:51:13+08:00 ] ::1 /project/Study%20master/git/ffck/master1/index.php/Home/home/planeInfo.html
INFO: [ app_begin ] --START--
INFO: Run Behavior\ReadHtmlCache [ RunTime:0.000977s ]
INFO: [ app_begin ] --END-- [ RunTime:0.000977s ]
INFO: [ view_parse ] --START--
INFO: [ template_filter ] --START--
INFO: Run Behavior\ContentReplace [ RunTime:0.000000s ]
INFO: [ template_filter ] --END-- [ RunTime:0.000000s ]
NOTIC: [8] Undefined variable: res D:\phpStudy\WWW\project\Study master\git\ffck\master1\Application\Runtime\Cache\Home\b8ebebd4d4b3847c92023eb758251b9f.php 第 436 行.
INFO: Run Behavior\ParseTemplate [ RunTime:0.029297s ]
INFO: [ view_parse ] --END-- [ RunTime:0.029297s ]
INFO: [ view_filter ] --START--
INFO: Run Behavior\WriteHtmlCache [ RunTime:0.000000s ]
INFO: [ view_filter ] --END-- [ RunTime:0.000000s ]
INFO: [ app_end ] --START--
INFO: Run Behavior\ShowPageTrace [ RunTime:0.000000s ]
INFO: [ app_end ] --END-- [ RunTime:0.000000s ]

[ 2017-03-28T15:51:16+08:00 ] ::1 /project/Study%20master/git/ffck/master1/index.php/Home/raider/raiderAdd.html
INFO: [ app_begin ] --START--
INFO: Run Behavior\ReadHtmlCache [ RunTime:0.000976s ]
INFO: [ app_begin ] --END-- [ RunTime:0.000976s ]
INFO: [ view_parse ] --START--
INFO: [ template_filter ] --START--
INFO: Run Behavior\ContentReplace [ RunTime:0.000000s ]
INFO: [ template_filter ] --END-- [ RunTime:0.000000s ]
NOTIC: [8] Undefined variable: res D:\phpStudy\WWW\project\Study master\git\ffck\master1\Application\Runtime\Cache\Home\28821544625b66e6b2cca215cdddb5da.php 第 416 行.
NOTIC: [8] Undefined variable: res D:\phpStudy\WWW\project\Study master\git\ffck\master1\Application\Runtime\Cache\Home\28821544625b66e6b2cca215cdddb5da.php 第 420 行.
NOTIC: [8] Undefined variable: res D:\phpStudy\WWW\project\Study master\git\ffck\master1\Application\Runtime\Cache\Home\28821544625b66e6b2cca215cdddb5da.php 第 427 行.
NOTIC: [8] Undefined variable: res D:\phpStudy\WWW\project\Study master\git\ffck\master1\Application\Runtime\Cache\Home\28821544625b66e6b2cca215cdddb5da.php 第 434 行.
NOTIC: [8] Undefined variable: res D:\phpStudy\WWW\project\Study master\git\ffck\master1\Application\Runtime\Cache\Home\28821544625b66e6b2cca215cdddb5da.php 第 440 行.
INFO: Run Behavior\ParseTemplate [ RunTime:0.020508s ]
INFO: [ view_parse ] --END-- [ RunTime:0.020508s ]
INFO: [ view_filter ] --START--
INFO: Run Behavior\WriteHtmlCache [ RunTime:0.000000s ]
INFO: [ view_filter ] --END-- [ RunTime:0.000000s ]
INFO: [ app_end ] --START--
INFO: Run Behavior\ShowPageTrace [ RunTime:0.000000s ]
INFO: [ app_end ] --END-- [ RunTime:0.000000s ]

[ 2017-03-28T15:51:18+08:00 ] ::1 /project/Study%20master/git/ffck/master1/index.php/Home/raider/studentList.html
INFO: [ app_begin ] --START--
INFO: Run Behavior\ReadHtmlCache [ RunTime:0.000000s ]
INFO: [ app_begin ] --END-- [ RunTime:0.000976s ]
INFO: [ view_parse ] --START--
INFO: [ template_filter ] --START--
INFO: Run Behavior\ContentReplace [ RunTime:0.000000s ]
INFO: [ template_filter ] --END-- [ RunTime:0.000000s ]
INFO: Run Behavior\ParseTemplate [ RunTime:0.018554s ]
INFO: [ view_parse ] --END-- [ RunTime:0.019531s ]
INFO: [ view_filter ] --START--
INFO: Run Behavior\WriteHtmlCache [ RunTime:0.000977s ]
INFO: [ view_filter ] --END-- [ RunTime:0.000977s ]
INFO: [ app_end ] --START--
INFO: Run Behavior\ShowPageTrace [ RunTime:0.000976s ]
INFO: [ app_end ] --END-- [ RunTime:0.000976s ]

[ 2017-03-28T15:51:20+08:00 ] ::1 /project/Study%20master/git/ffck/master1/index.php/Home/raider/brotherList.html
INFO: [ app_begin ] --START--
INFO: Run Behavior\ReadHtmlCache [ RunTime:0.000000s ]
INFO: [ app_begin ] --END-- [ RunTime:0.000976s ]
INFO: [ view_parse ] --START--
INFO: [ template_filter ] --START--
INFO: Run Behavior\ContentReplace [ RunTime:0.000000s ]
INFO: [ template_filter ] --END-- [ RunTime:0.000000s ]
INFO: Run Behavior\ParseTemplate [ RunTime:0.018555s ]
INFO: [ view_parse ] --END-- [ RunTime:0.018555s ]
INFO: [ view_filter ] --START--
INFO: Run Behavior\WriteHtmlCache [ RunTime:0.000000s ]
INFO: [ view_filter ] --END-- [ RunTime:0.000000s ]
INFO: [ app_end ] --START--
INFO: Run Behavior\ShowPageTrace [ RunTime:0.000976s ]
INFO: [ app_end ] --END-- [ RunTime:0.000976s ]

[ 2017-03-28T15:54:37+08:00 ] ::1 /project/Study%20master/git/ffck/master1/index.php/Home/raider/brotherList.html
INFO: [ app_begin ] --START--
INFO: Run Behavior\ReadHtmlCache [ RunTime:0.000000s ]
INFO: [ app_begin ] --END-- [ RunTime:0.000976s ]
INFO: [ view_parse ] --START--
INFO: [ template_filter ] --START--
INFO: Run Behavior\ContentReplace [ RunTime:0.000000s ]
INFO: [ template_filter ] --END-- [ RunTime:0.000000s ]
INFO: Run Behavior\ParseTemplate [ RunTime:0.030274s ]
INFO: [ view_parse ] --END-- [ RunTime:0.030274s ]
INFO: [ view_filter ] --START--
INFO: Run Behavior\WriteHtmlCache [ RunTime:0.000976s ]
INFO: [ view_filter ] --END-- [ RunTime:0.000976s ]
INFO: [ app_end ] --START--
INFO: Run Behavior\ShowPageTrace [ RunTime:0.000977s ]
INFO: [ app_end ] --END-- [ RunTime:0.000977s ]

[ 2017-03-28T15:55:02+08:00 ] ::1 /project/Study%20master/git/ffck/master1/index.php/Home/raider/brotherList.html
INFO: [ app_begin ] --START--
INFO: Run Behavior\ReadHtmlCache [ RunTime:0.000000s ]
INFO: [ app_begin ] --END-- [ RunTime:0.000976s ]
INFO: [ view_parse ] --START--
INFO: [ template_filter ] --START--
INFO: Run Behavior\ContentReplace [ RunTime:0.000000s ]
INFO: [ template_filter ] --END-- [ RunTime:0.000000s ]
INFO: Run Behavior\ParseTemplate [ RunTime:0.018555s ]
INFO: [ view_parse ] --END-- [ RunTime:0.018555s ]
INFO: [ view_filter ] --START--
INFO: Run Behavior\WriteHtmlCache [ RunTime:0.000000s ]
INFO: [ view_filter ] --END-- [ RunTime:0.000000s ]
INFO: [ app_end ] --START--
INFO: Run Behavior\ShowPageTrace [ RunTime:0.000000s ]
INFO: [ app_end ] --END-- [ RunTime:0.000000s ]

[ 2017-03-28T17:18:37+08:00 ] ::1 /project/Study%20master/git/ffck/master1/index.php/Home/raider/brotherList.html
INFO: [ app_begin ] --START--
INFO: Run Behavior\ReadHtmlCache [ RunTime:0.000000s ]
INFO: [ app_begin ] --END-- [ RunTime:0.000977s ]
INFO: [ view_parse ] --START--
INFO: [ template_filter ] --START--
INFO: Run Behavior\ContentReplace [ RunTime:0.000000s ]
INFO: [ template_filter ] --END-- [ RunTime:0.000000s ]
INFO: Run Behavior\ParseTemplate [ RunTime:0.026367s ]
INFO: [ view_parse ] --END-- [ RunTime:0.026367s ]
INFO: [ view_filter ] --START--
INFO: Run Behavior\WriteHtmlCache [ RunTime:0.000000s ]
INFO: [ view_filter ] --END-- [ RunTime:0.000976s ]
INFO: [ app_end ] --START--
INFO: Run Behavior\ShowPageTrace [ RunTime:0.000977s ]
INFO: [ app_end ] --END-- [ RunTime:0.000977s ]

[ 2017-03-28T17:18:41+08:00 ] ::1 /project/Study%20master/git/ffck/master1/index.php/Home/mine/ticketList.html
INFO: [ app_begin ] --START--
INFO: Run Behavior\ReadHtmlCache [ RunTime:0.000000s ]
INFO: [ app_begin ] --END-- [ RunTime:0.000976s ]
INFO: [ view_parse ] --START--
INFO: [ template_filter ] --START--
INFO: Run Behavior\ContentReplace [ RunTime:0.000000s ]
INFO: [ template_filter ] --END-- [ RunTime:0.000976s ]
INFO: Run Behavior\ParseTemplate [ RunTime:0.016601s ]
INFO: [ view_parse ] --END-- [ RunTime:0.016601s ]
INFO: [ view_filter ] --START--
INFO: Run Behavior\WriteHtmlCache [ RunTime:0.000000s ]
INFO: [ view_filter ] --END-- [ RunTime:0.000000s ]
INFO: [ app_end ] --START--
INFO: Run Behavior\ShowPageTrace [ RunTime:0.000000s ]
INFO: [ app_end ] --END-- [ RunTime:0.000977s ]

[ 2017-03-28T17:18:46+08:00 ] ::1 /project/Study%20master/git/ffck/master1/index.php/Home/mine/releaseList.html
INFO: [ app_begin ] --START--
INFO: Run Behavior\ReadHtmlCache [ RunTime:0.000977s ]
INFO: [ app_begin ] --END-- [ RunTime:0.000977s ]
INFO: [ view_parse ] --START--
INFO: [ template_filter ] --START--
INFO: Run Behavior\ContentReplace [ RunTime:0.000000s ]
INFO: [ template_filter ] --END-- [ RunTime:0.000000s ]
INFO: Run Behavior\ParseTemplate [ RunTime:0.015625s ]
INFO: [ view_parse ] --END-- [ RunTime:0.015625s ]
INFO: [ view_filter ] --START--
INFO: Run Behavior\WriteHtmlCache [ RunTime:0.000977s ]
INFO: [ view_filter ] --END-- [ RunTime:0.000977s ]
INFO: [ app_end ] --START--
INFO: Run Behavior\ShowPageTrace [ RunTime:0.000976s ]
INFO: [ app_end ] --END-- [ RunTime:0.000976s ]

